<?xml version="1.0" encoding="utf-8"?><testsuites name="pytest tests"><testsuite name="pytest" errors="0" failures="0" skipped="0" tests="9" time="1.842" timestamp="2026-07-16T20:23:44.758907+00:00" hostname="agent-env-e03d7a24-dfd1-448b-8b98-c49f1eebf0ae"><testcase classname="tests.backend_test.TestInquiries" name="test_create_contact_inquiry_and_list" time="0.383" /><testcase classname="tests.backend_test.TestHealth" name="test_health_returns_healthy" time="1.159" /><testcase classname="tests.backend_test.TestInquiries" name="test_create_quote_with_product" time="0.053" /><testcase classname="tests.backend_test.TestInquiries" name="test_invalid_email_returns_422" time="0.052" /><testcase classname="tests.backend_test.TestNewsletter" name="test_newsletter_subscribe_and_idempotent" time="0.116" /><testcase classname="tests.backend_test.TestNewsletter" name="test_newsletter_invalid_email" time="0.054" /><testcase classname="tests.backend_test.TestHealth" name="test_root_ok" time="0.044" /><testcase classname="tests.backend_test.TestSellEquipment" name="test_create_and_list_sell_equipment" time="0.102" /><testcase classname="tests.backend_test.TestSellEquipment" name="test_sell_equipment_invalid_email" time="0.045" /></testsuite></testsuites>